<?xml version="1.0" encoding="UTF-8"?>
<!-- Generated by org.testng.reporters.JUnitReportReporter -->
<testsuite skipped="0" hostname="usons-MBP.fios-router.home" name="com.app.runners.CukesRunner" tests="1" failures="0" timestamp="13 Apr 2018 05:51:10 GMT" time="16.014" errors="0">
  <testcase name="runScenario" time="16.014" classname="com.app.runners.CukesRunner"/>
</testsuite> <!-- com.app.runners.CukesRunner -->
